  [1m[35m (3.0ms)[0m  [1m[35mCREATE DATABASE "api_development" ENCODING = 'unicode'[0m
  [1m[35m (0.5ms)[0m  [1m[35mCREATE DATABASE "api_development" ENCODING = 'unicode'[0m
  [1m[35m (0.4ms)[0m  [1m[35mCREATE DATABASE "api_development" ENCODING = 'utf8'[0m
  [1m[35m (0.4ms)[0m  [1m[35mCREATE DATABASE "api_development" ENCODING = 'unicode'[0m
  [1m[35m (0.4ms)[0m  [1m[35mCREATE DATABASE "api_development" ENCODING = 'unicode'[0m
  [1m[35m (0.4ms)[0m  [1m[35mCREATE DATABASE "api_development" ENCODING = 'unicode'[0m
  [1m[35m (0.6ms)[0m  [1m[35mCREATE DATABASE "api_development" ENCODING = 'unicode'[0m
Started POST "/signup" for 127.0.0.1 at 2023-04-15 21:20:14 +0300
  
NameError (undefined local variable or method `has_secure_password' for User:Class):
  
app/models/user.rb:10:in `<class:User>'
app/models/user.rb:1:in `<main>'
Started POST "/signup" for 127.0.0.1 at 2023-04-15 21:27:18 +0300
Processing by UsersController#create as */*
  Parameters: {"fullname"=>"flata abdi", "email"=>"flata@gmail.com", "phone"=>"0708905949", "role"=>"staff", "password"=>"[FILTERED]", "user"=>{"fullname"=>"flata abdi", "email"=>"flata@gmail.com", "phone"=>"0708905949", "role"=>"staff"}}
[31mUnpermitted parameter: :user. Context: { controller: UsersController, action: create, request: #<ActionDispatch::Request:0x00007f92f406eaa8>, params: {"fullname"=>"flata abdi", "email"=>"flata@gmail.com", "phone"=>"0708905949", "role"=>"staff", "password"=>"[FILTERED]", "controller"=>"users", "action"=>"create", "user"=>{"fullname"=>"flata abdi", "email"=>"flata@gmail.com", "phone"=>"0708905949", "role"=>"staff"}} }[0m
MONGODB | Topology type 'unknown' initializing.
MONGODB | There was a change in the members of the 'Unknown' topology.
MONGODB | Server localhost:27017 initializing.
MONGODB | Waiting for up to 30.00 seconds for servers to be scanned: #<Cluster topology=Unknown[localhost:27017] servers=[#<Server address=localhost:27017 UNKNOWN>]>
MONGODB | Server description for localhost:27017 changed from 'unknown' to 'standalone'.
MONGODB | Topology type 'Unknown' changed to type 'Single'.
MONGODB | localhost:27017 req:6 conn:1:1 sconn:3 | api_development.find | STARTED | {"find"=>"users", "filter"=>{"email"=>"flata@gmail.com"}, "limit"=>1, "projection"=>{"_id"=>1}, "$db"=>"api_development", "lsid"=>{"id"=><BSON::Binary:0x8920 type=uuid data=0x206f2a9c2c964869...>}}
MONGODB | localhost:27017 req:6 | api_development.find | SUCCEEDED | 0.008s
MONGODB | localhost:27017 req:7 conn:1:1 sconn:3 | api_development.find | STARTED | {"find"=>"users", "filter"=>{"email"=>"flata@gmail.com"}, "limit"=>1, "projection"=>{"_id"=>1}, "$db"=>"api_development", "lsid"=>{"id"=><BSON::Binary:0x8920 type=uuid data=0x206f2a9c2c964869...>}}
MONGODB | localhost:27017 req:7 | api_development.find | SUCCEEDED | 0.002s
[active_model_serializers] Rendered ActiveModel::Serializer::Null with ActiveModel::Errors (22.37ms)
Completed 422 Unprocessable Entity in 418ms (Views: 25.9ms | MongoDB: 10.4ms | Allocations: 35863)


MONGODB | Server description for localhost:27017 changed from 'standalone' to 'standalone'.
MONGODB | There was a change in the members of the 'Single' topology.
Started POST "/signup" for 127.0.0.1 at 2023-04-15 21:27:31 +0300
Processing by UsersController#create as */*
  Parameters: {"fullname"=>"flata abdi", "email"=>"flata@gmail.com", "phone"=>"0708905949", "role"=>"staff", "password"=>"[FILTERED]", "user"=>{"fullname"=>"flata abdi", "email"=>"flata@gmail.com", "phone"=>"0708905949", "role"=>"staff"}}
[31mUnpermitted parameter: :user. Context: { controller: UsersController, action: create, request: #<ActionDispatch::Request:0x00007f92d0008718>, params: {"fullname"=>"flata abdi", "email"=>"flata@gmail.com", "phone"=>"0708905949", "role"=>"staff", "password"=>"[FILTERED]", "controller"=>"users", "action"=>"create", "user"=>{"fullname"=>"flata abdi", "email"=>"flata@gmail.com", "phone"=>"0708905949", "role"=>"staff"}} }[0m
MONGODB | localhost:27017 req:9 conn:1:1 sconn:3 | api_development.find | STARTED | {"find"=>"users", "filter"=>{"email"=>"flata@gmail.com"}, "limit"=>1, "projection"=>{"_id"=>1}, "$db"=>"api_development", "lsid"=>{"id"=><BSON::Binary:0x8920 type=uuid data=0x206f2a9c2c964869...>}}
MONGODB | localhost:27017 req:9 | api_development.find | SUCCEEDED | 0.001s
MONGODB | localhost:27017 req:10 conn:1:1 sconn:3 | api_development.insert | STARTED | {"insert"=>"users", "ordered"=>true, "documents"=>[{"_id"=>BSON::ObjectId('643aec93d5ee6cd3f8e0358d'), "fullname"=>"flata abdi", "email"=>"flata@gmail.com", "phone"=>708905949, "role"=>"staff", "password_digest"=>"$2a$12$fYBZKN3joXqCTshk/Ozf6OUI/FlUH5...
MONGODB | localhost:27017 req:10 | api_development.insert | SUCCEEDED | 0.076s
Completed 500 Internal Server Error in 375ms (MongoDB: 77.1ms | Allocations: 3773)


  
NameError (uninitialized constant ApplicationController::JWT):
  
app/controllers/application_controller.rb:5:in `encode_token'
app/controllers/users_controller.rb:9:in `create'
Started POST "/signup" for 127.0.0.1 at 2023-04-15 21:37:11 +0300
Processing by UsersController#create as */*
  Parameters: {"fullname"=>"flata abdi", "email"=>"flata@gmail.com", "phone"=>"0708905949", "role"=>"staff", "password"=>"[FILTERED]", "user"=>{"fullname"=>"flata abdi", "email"=>"flata@gmail.com", "phone"=>"0708905949", "role"=>"staff"}}
[31mUnpermitted parameter: :user. Context: { controller: UsersController, action: create, request: #<ActionDispatch::Request:0x00007fa9255b4750>, params: {"fullname"=>"flata abdi", "email"=>"flata@gmail.com", "phone"=>"0708905949", "role"=>"staff", "password"=>"[FILTERED]", "controller"=>"users", "action"=>"create", "user"=>{"fullname"=>"flata abdi", "email"=>"flata@gmail.com", "phone"=>"0708905949", "role"=>"staff"}} }[0m
MONGODB | Topology type 'unknown' initializing.
MONGODB | There was a change in the members of the 'Unknown' topology.
MONGODB | Server localhost:27017 initializing.
MONGODB | Waiting for up to 30.00 seconds for servers to be scanned: #<Cluster topology=Unknown[localhost:27017] servers=[#<Server address=localhost:27017 UNKNOWN>]>
MONGODB | Server description for localhost:27017 changed from 'unknown' to 'standalone'.
MONGODB | Topology type 'Unknown' changed to type 'Single'.
MONGODB | localhost:27017 req:5 conn:1:1 sconn:5 | api_development.find | STARTED | {"find"=>"users", "filter"=>{"email"=>"flata@gmail.com"}, "limit"=>1, "projection"=>{"_id"=>1}, "$db"=>"api_development", "lsid"=>{"id"=><BSON::Binary:0x8940 type=uuid data=0xdaf93d1fdf1a455a...>}}
MONGODB | localhost:27017 req:5 | api_development.find | SUCCEEDED | 0.005s
MONGODB | localhost:27017 req:7 conn:1:1 sconn:5 | api_development.find | STARTED | {"find"=>"users", "filter"=>{"email"=>"flata@gmail.com"}, "limit"=>1, "projection"=>{"_id"=>1}, "$db"=>"api_development", "lsid"=>{"id"=><BSON::Binary:0x8940 type=uuid data=0xdaf93d1fdf1a455a...>}}
MONGODB | localhost:27017 req:7 | api_development.find | SUCCEEDED | 0.001s
[active_model_serializers] Rendered ActiveModel::Serializer::Null with ActiveModel::Errors (6.93ms)
Completed 422 Unprocessable Entity in 331ms (Views: 9.5ms | MongoDB: 6.0ms | Allocations: 32148)


MONGODB | Server description for localhost:27017 changed from 'standalone' to 'standalone'.
MONGODB | There was a change in the members of the 'Single' topology.
Started POST "/signup" for 127.0.0.1 at 2023-04-15 21:37:43 +0300
Processing by UsersController#create as */*
  Parameters: {"fullname"=>"abdiaziz abdi", "email"=>"abdiaziz@gmail.com", "phone"=>"0708905949", "role"=>"staff", "password"=>"[FILTERED]", "user"=>{"fullname"=>"abdiaziz abdi", "email"=>"abdiaziz@gmail.com", "phone"=>"0708905949", "role"=>"staff"}}
[31mUnpermitted parameter: :user. Context: { controller: UsersController, action: create, request: #<ActionDispatch::Request:0x00007fa90c0131c0>, params: {"fullname"=>"abdiaziz abdi", "email"=>"abdiaziz@gmail.com", "phone"=>"0708905949", "role"=>"staff", "password"=>"[FILTERED]", "controller"=>"users", "action"=>"create", "user"=>{"fullname"=>"abdiaziz abdi", "email"=>"abdiaziz@gmail.com", "phone"=>"0708905949", "role"=>"staff"}} }[0m
MONGODB | localhost:27017 req:11 conn:1:1 sconn:5 | api_development.find | STARTED | {"find"=>"users", "filter"=>{"email"=>"abdiaziz@gmail.com"}, "limit"=>1, "projection"=>{"_id"=>1}, "$db"=>"api_development", "lsid"=>{"id"=><BSON::Binary:0x8940 type=uuid data=0xdaf93d1fdf1a455a...>}}
MONGODB | localhost:27017 req:11 | api_development.find | SUCCEEDED | 0.001s
MONGODB | localhost:27017 req:12 conn:1:1 sconn:5 | api_development.insert | STARTED | {"insert"=>"users", "ordered"=>true, "documents"=>[{"_id"=>BSON::ObjectId('643aeef8d5ee6cd638822b3d'), "fullname"=>"abdiaziz abdi", "email"=>"abdiaziz@gmail.com", "phone"=>708905949, "role"=>"staff", "password_digest"=>"$2a$12$aHMZWTXEkLgFXJHZCs.3GOun...
MONGODB | localhost:27017 req:12 | api_development.insert | SUCCEEDED | 0.001s
[active_model_serializers] Rendered ActiveModel::Serializer::Null with Hash (12.66ms)
Completed 201 Created in 311ms (Views: 13.3ms | MongoDB: 1.3ms | Allocations: 6088)


Started POST "/login" for 127.0.0.1 at 2023-04-15 21:41:43 +0300
Processing by AuthController#create as */*
  Parameters: {"email"=>"abdiaziz@gmail.com", "password"=>"[FILTERED]", "auth"=>{"email"=>"abdiaziz@gmail.com", "password"=>"[FILTERED]"}}
[31mUnpermitted parameter: :auth. Context: { controller: AuthController, action: create, request: #<ActionDispatch::Request:0x00007fa91c012be8>, params: {"email"=>"abdiaziz@gmail.com", "password"=>"[FILTERED]", "controller"=>"auth", "action"=>"create", "auth"=>{"email"=>"abdiaziz@gmail.com", "password"=>"[FILTERED]"}} }[0m
MONGODB | localhost:27017 req:37 conn:1:1 sconn:5 | api_development.find | STARTED | {"find"=>"users", "filter"=>{"email"=>"abdiaziz@gmail.com"}, "$db"=>"api_development", "lsid"=>{"id"=><BSON::Binary:0x8940 type=uuid data=0xdaf93d1fdf1a455a...>}}
MONGODB | localhost:27017 req:37 | api_development.find | SUCCEEDED | 0.002s
[31mUnpermitted parameter: :auth. Context: { controller: AuthController, action: create, request: #<ActionDispatch::Request:0x00007fa91c012be8>, params: {"email"=>"abdiaziz@gmail.com", "password"=>"[FILTERED]", "controller"=>"auth", "action"=>"create", "auth"=>{"email"=>"abdiaziz@gmail.com", "password"=>"[FILTERED]"}} }[0m
[active_model_serializers] Rendered ActiveModel::Serializer::Null with Hash (0.19ms)
Completed 202 Accepted in 283ms (Views: 0.7ms | MongoDB: 2.5ms | Allocations: 1295)


Started POST "/login" for 127.0.0.1 at 2023-04-16 11:07:22 +0300
Processing by AuthController#create as */*
  Parameters: {"email"=>"abdiaziz@gmail.com", "password"=>"[FILTERED]", "auth"=>{"email"=>"abdiaziz@gmail.com", "password"=>"[FILTERED]"}}
[31mUnpermitted parameter: :auth. Context: { controller: AuthController, action: create, request: #<ActionDispatch::Request:0x00007f0c355edba0>, params: {"email"=>"abdiaziz@gmail.com", "password"=>"[FILTERED]", "controller"=>"auth", "action"=>"create", "auth"=>{"email"=>"abdiaziz@gmail.com", "password"=>"[FILTERED]"}} }[0m
MONGODB | Topology type 'unknown' initializing.
MONGODB | There was a change in the members of the 'Unknown' topology.
MONGODB | Server localhost:27017 initializing.
MONGODB | Waiting for up to 30.00 seconds for servers to be scanned: #<Cluster topology=Unknown[localhost:27017] servers=[#<Server address=localhost:27017 UNKNOWN>]>
MONGODB | Server description for localhost:27017 changed from 'unknown' to 'standalone'.
MONGODB | Topology type 'Unknown' changed to type 'Single'.
MONGODB | localhost:27017 req:6 conn:1:1 sconn:73 | api_development.find | STARTED | {"find"=>"users", "filter"=>{"email"=>"abdiaziz@gmail.com"}, "$db"=>"api_development", "lsid"=>{"id"=><BSON::Binary:0x9080 type=uuid data=0x00c8c66db5984a2d...>}}
MONGODB | localhost:27017 req:6 | api_development.find | SUCCEEDED | 0.001s
[31mUnpermitted parameter: :auth. Context: { controller: AuthController, action: create, request: #<ActionDispatch::Request:0x00007f0c355edba0>, params: {"email"=>"abdiaziz@gmail.com", "password"=>"[FILTERED]", "controller"=>"auth", "action"=>"create", "auth"=>{"email"=>"abdiaziz@gmail.com", "password"=>"[FILTERED]"}} }[0m
[active_model_serializers] Rendered ActiveModel::Serializer::Null with Hash (9.63ms)
Completed 202 Accepted in 443ms (Views: 13.7ms | MongoDB: 0.8ms | Allocations: 58544)


MONGODB | Server description for localhost:27017 changed from 'standalone' to 'standalone'.
MONGODB | There was a change in the members of the 'Single' topology.
Started POST "/survivors" for 127.0.0.1 at 2023-04-17 00:45:53 +0300
Processing by SurvivorsController#create as */*
  Parameters: {"name"=>"maskin", "description"=>"djnwe hui uun unu njnui ju unu nuini nui uini im ini ii ninuinin inimi mimi minini imi mimi ininmim imim imim imi mimimi mimunun njkn jknjk njknjk njknjk njnkn kjn jnjkn kjn kn jknk n jnkj nk njmkjm kjm jk jknknkj nkj njk nkj njk m", "image"=>"placeholder", "location"=>"Rongai", "survivor"=>{"name"=>"maskin", "image"=>"placeholder", "location"=>"Rongai"}}
[active_model_serializers] Rendered ActiveModel::Serializer::Null with Hash (0.09ms)
Filter chain halted as :authorized rendered or redirected
Completed 401 Unauthorized in 2ms (Views: 1.7ms | MongoDB: 0.0ms | Allocations: 595)


Started POST "/survivors" for 127.0.0.1 at 2023-04-17 00:46:47 +0300
Processing by SurvivorsController#create as */*
  Parameters: {"name"=>"maskin", "description"=>"djnwe hui uun unu njnui ju unu nuini nui uini im ini ii ninuinin inimi mimi minini imi mimi ininmim imim imim imi mimimi mimunun njkn jknjk njknjk njknjk njnkn kjn jnjkn kjn kn jknk n jnkj nk njmkjm kjm jk jknknkj nkj njk nkj njk m", "image"=>"placeholder", "location"=>"Rongai", "survivor"=>{"name"=>"maskin", "image"=>"placeholder", "location"=>"Rongai"}}
Completed 500 Internal Server Error in 62ms (MongoDB: 0.0ms | Allocations: 27652)


  
NoMethodError (undefined method `description' for #<Survivor:0x00007fa960413c08>
Did you mean?  desription
               desription?
               desription=):
  
app/controllers/survivors_controller.rb:24:in `create'
Started POST "/survivors" for 127.0.0.1 at 2023-04-17 00:48:30 +0300
Processing by SurvivorsController#create as */*
  Parameters: {"name"=>"maskin", "description"=>"djnwe hui uun unu njnui ju unu nuini nui uini im ini ii ninuinin inimi mimi minini imi mimi ininmim imim imim imi mimimi mimunun njkn jknjk njknjk njknjk njnkn kjn jnjkn kjn kn jknk n jnkj nk njmkjm kjm jk jknknkj nkj njk nkj njk m", "image"=>"placeholder", "location"=>"Rongai", "survivor"=>{"name"=>"maskin", "description"=>"djnwe hui uun unu njnui ju unu nuini nui uini im ini ii ninuinin inimi mimi minini imi mimi ininmim imim imim imi mimimi mimunun njkn jknjk njknjk njknjk njnkn kjn jnjkn kjn kn jknk n jnkj nk njmkjm kjm jk jknknkj nkj njk nkj njk m", "image"=>"placeholder", "location"=>"Rongai"}}
MONGODB | Topology type 'unknown' initializing.
MONGODB | There was a change in the members of the 'Unknown' topology.
MONGODB | Server localhost:27017 initializing.
MONGODB | Waiting for up to 30.00 seconds for servers to be scanned: #<Cluster topology=Unknown[localhost:27017] servers=[#<Server address=localhost:27017 UNKNOWN>]>
MONGODB | Server description for localhost:27017 changed from 'unknown' to 'standalone'.
MONGODB | Topology type 'Unknown' changed to type 'Single'.
MONGODB | localhost:27017 req:6 conn:1:1 sconn:76 | api_development.insert | STARTED | {"insert"=>"survivors", "ordered"=>true, "documents"=>[{"_id"=>BSON::ObjectId('643c6d2ed5ee6c7852483634'), "name"=>"maskin", "description"=>"djnwe hui uun unu njnui ju unu nuini nui uini im ini ii ninuinin inimi mimi minini imi mimi ininmim imim imim ...
MONGODB | localhost:27017 req:6 | api_development.insert | SUCCEEDED | 0.041s
[active_model_serializers] Rendered SurvivorSerializer with ActiveModelSerializers::Adapter::Attributes (5.02ms)
Completed 201 Created in 92ms (Views: 36.4ms | MongoDB: 40.8ms | Allocations: 4747)


MONGODB | Server description for localhost:27017 changed from 'standalone' to 'standalone'.
MONGODB | There was a change in the members of the 'Single' topology.
Started POST "/survivors" for 127.0.0.1 at 2023-04-17 00:49:36 +0300
Processing by SurvivorsController#create as */*
  Parameters: {"name"=>"Arsenal", "description"=>"djnwe hui uun unu njnui ju unu nuini nui uini im ini ii ninuinin inimi mimi minini imi mimi ininmim imim imim imi mimimi mimunun njkn jknjk njknjk njknjk njnkn kjn jnjkn kjn kn jknk n jnkj nk njmkjm kjm jk jknknkj nkj njk nkj njk m", "image"=>"placeholder01", "location"=>"London", "survivor"=>{"name"=>"Arsenal", "description"=>"djnwe hui uun unu njnui ju unu nuini nui uini im ini ii ninuinin inimi mimi minini imi mimi ininmim imim imim imi mimimi mimunun njkn jknjk njknjk njknjk njnkn kjn jnjkn kjn kn jknk n jnkj nk njmkjm kjm jk jknknkj nkj njk nkj njk m", "image"=>"placeholder01", "location"=>"London"}}
MONGODB | localhost:27017 req:13 conn:1:1 sconn:76 | api_development.insert | STARTED | {"insert"=>"survivors", "ordered"=>true, "documents"=>[{"_id"=>BSON::ObjectId('643c6d70d5ee6c7852483635'), "name"=>"Arsenal", "description"=>"djnwe hui uun unu njnui ju unu nuini nui uini im ini ii ninuinin inimi mimi minini imi mimi ininmim imim imim...
MONGODB | localhost:27017 req:13 | api_development.insert | SUCCEEDED | 0.001s
[active_model_serializers] Rendered SurvivorSerializer with ActiveModelSerializers::Adapter::Attributes (0.32ms)
Completed 201 Created in 4ms (Views: 0.9ms | MongoDB: 0.6ms | Allocations: 1279)


Started POST "/survivors" for 127.0.0.1 at 2023-04-17 00:59:35 +0300
Processing by SurvivorsController#create as */*
  Parameters: {"name"=>"Lala", "description"=>"djnwe hui uun unu njnui ju unu nuini nui uini im ini ii ninuinin inimi mimi minini imi mimi ininmim imim imim imi mimimi mimunun njkn jknjk njknjk njknjk njnkn kjn jnjkn kjn kn jknk n jnkj nk njmkjm kjm jk jknknkj nkj njk nkj njk m", "image"=>"placeholder02", "location"=>"Nairobi", "survivor"=>{"name"=>"Lala", "description"=>"djnwe hui uun unu njnui ju unu nuini nui uini im ini ii ninuinin inimi mimi minini imi mimi ininmim imim imim imi mimimi mimunun njkn jknjk njknjk njknjk njnkn kjn jnjkn kjn kn jknk n jnkj nk njmkjm kjm jk jknknkj nkj njk nkj njk m", "image"=>"placeholder02", "location"=>"Nairobi"}}
MONGODB | localhost:27017 req:74 conn:1:1 sconn:76 | api_development.insert | STARTED | {"insert"=>"survivors", "ordered"=>true, "documents"=>[{"_id"=>BSON::ObjectId('643c6fc7d5ee6c7852483636'), "name"=>"Lala", "description"=>"djnwe hui uun unu njnui ju unu nuini nui uini im ini ii ninuinin inimi mimi minini imi mimi ininmim imim imim im...
MONGODB | localhost:27017 req:74 | api_development.insert | SUCCEEDED | 0.001s
[active_model_serializers] Rendered SurvivorSerializer with ActiveModelSerializers::Adapter::Attributes (1.33ms)
Completed 201 Created in 7ms (Views: 3.0ms | MongoDB: 0.6ms | Allocations: 1279)


Started GET "/survivors" for 127.0.0.1 at 2023-04-17 00:59:46 +0300
Processing by SurvivorsController#index as */*
  Parameters: {"name"=>"Lala", "description"=>"djnwe hui uun unu njnui ju unu nuini nui uini im ini ii ninuinin inimi mimi minini imi mimi ininmim imim imim imi mimimi mimunun njkn jknjk njknjk njknjk njnkn kjn jnjkn kjn kn jknk n jnkj nk njmkjm kjm jk jknknkj nkj njk nkj njk m", "image"=>"placeholder02", "location"=>"Nairobi", "survivor"=>{"name"=>"Lala", "description"=>"djnwe hui uun unu njnui ju unu nuini nui uini im ini ii ninuinin inimi mimi minini imi mimi ininmim imim imim imi mimimi mimunun njkn jknjk njknjk njknjk njnkn kjn jnjkn kjn kn jknk n jnkj nk njmkjm kjm jk jknknkj nkj njk nkj njk m", "image"=>"placeholder02", "location"=>"Nairobi"}}
MONGODB | localhost:27017 req:76 conn:1:1 sconn:76 | api_development.find | STARTED | {"find"=>"survivors", "filter"=>{}, "$db"=>"api_development", "lsid"=>{"id"=><BSON::Binary:0x12960 type=uuid data=0xacb98689b62d4776...>}}
MONGODB | localhost:27017 req:76 | api_development.find | SUCCEEDED | 0.001s
[active_model_serializers] Rendered ActiveModel::Serializer::CollectionSerializer with ActiveModelSerializers::Adapter::Attributes (1.28ms)
Completed 200 OK in 6ms (Views: 4.4ms | MongoDB: 0.8ms | Allocations: 1452)


Started GET "/survivors/643c6d2ed5ee6c7852483634" for 127.0.0.1 at 2023-04-17 01:00:47 +0300
Processing by SurvivorsController#show as */*
  Parameters: {"name"=>"Lala", "description"=>"djnwe hui uun unu njnui ju unu nuini nui uini im ini ii ninuinin inimi mimi minini imi mimi ininmim imim imim imi mimimi mimunun njkn jknjk njknjk njknjk njnkn kjn jnjkn kjn kn jknk n jnkj nk njmkjm kjm jk jknknkj nkj njk nkj njk m", "image"=>"placeholder02", "location"=>"Nairobi", "id"=>"643c6d2ed5ee6c7852483634", "survivor"=>{"name"=>"Lala", "description"=>"djnwe hui uun unu njnui ju unu nuini nui uini im ini ii ninuinin inimi mimi minini imi mimi ininmim imim imim imi mimimi mimunun njkn jknjk njknjk njknjk njnkn kjn jnjkn kjn kn jknk n jnkj nk njmkjm kjm jk jknknkj nkj njk nkj njk m", "image"=>"placeholder02", "location"=>"Nairobi"}}
MONGODB | localhost:27017 req:83 conn:1:1 sconn:76 | api_development.find | STARTED | {"find"=>"survivors", "filter"=>{"_id"=>BSON::ObjectId('643c6d2ed5ee6c7852483634')}, "$db"=>"api_development", "lsid"=>{"id"=><BSON::Binary:0x12960 type=uuid data=0xacb98689b62d4776...>}}
MONGODB | localhost:27017 req:83 | api_development.find | SUCCEEDED | 0.001s
[active_model_serializers] Rendered SurvivorSerializer with ActiveModelSerializers::Adapter::Attributes (0.52ms)
Completed 200 OK in 4ms (Views: 1.1ms | MongoDB: 0.6ms | Allocations: 1029)


Started PATCH "/survivors/643c6d2ed5ee6c7852483634" for 127.0.0.1 at 2023-04-17 01:03:31 +0300
Processing by SurvivorsController#update as */*
  Parameters: {"name"=>"Eid mubarak", "description"=>"djnwe hui uun unu njnui ju unu nuini nui uini im ini ii ninuinin inimi mimi minini imi mimi ininmim imim imim imi mimimi mimunun njkn jknjk njknjk njknjk njnkn kjn jnjkn kjn kn jknk n jnkj nk njmkjm kjm jk jknknkj nkj njk nkj njk m", "image"=>"placeholder02", "location"=>"Middle East", "id"=>"643c6d2ed5ee6c7852483634", "survivor"=>{"name"=>"Eid mubarak", "description"=>"djnwe hui uun unu njnui ju unu nuini nui uini im ini ii ninuinin inimi mimi minini imi mimi ininmim imim imim imi mimimi mimunun njkn jknjk njknjk njknjk njnkn kjn jnjkn kjn kn jknk n jnkj nk njmkjm kjm jk jknknkj nkj njk nkj njk m", "image"=>"placeholder02", "location"=>"Middle East"}}
MONGODB | localhost:27017 req:101 conn:1:1 sconn:76 | api_development.find | STARTED | {"find"=>"survivors", "filter"=>{"_id"=>BSON::ObjectId('643c6d2ed5ee6c7852483634')}, "$db"=>"api_development", "lsid"=>{"id"=><BSON::Binary:0x12960 type=uuid data=0xacb98689b62d4776...>}}
MONGODB | localhost:27017 req:101 | api_development.find | SUCCEEDED | 0.001s
MONGODB | localhost:27017 req:102 conn:1:1 sconn:76 | api_development.update | STARTED | {"update"=>"survivors", "ordered"=>true, "updates"=>[{"q"=>{"_id"=>BSON::ObjectId('643c6d2ed5ee6c7852483634')}, "u"=>{"$set"=>{"name"=>"Eid mubarak", "image"=>"placeholder02", "location"=>"Middle East", "updated_at"=>2023-04-16 22:03:31.414953784 UTC}...
MONGODB | localhost:27017 req:102 | api_development.update | SUCCEEDED | 0.001s
[active_model_serializers] Rendered SurvivorSerializer with ActiveModelSerializers::Adapter::Attributes (0.74ms)
Completed 200 OK in 15ms (Views: 3.0ms | MongoDB: 1.9ms | Allocations: 2606)


Started GET "/survivors" for 127.0.0.1 at 2023-04-17 01:04:12 +0300
Processing by SurvivorsController#index as */*
  Parameters: {"name"=>"Eid mubarak", "description"=>"djnwe hui uun unu njnui ju unu nuini nui uini im ini ii ninuinin inimi mimi minini imi mimi ininmim imim imim imi mimimi mimunun njkn jknjk njknjk njknjk njnkn kjn jnjkn kjn kn jknk n jnkj nk njmkjm kjm jk jknknkj nkj njk nkj njk m", "image"=>"placeholder02", "location"=>"Middle East", "survivor"=>{"name"=>"Eid mubarak", "description"=>"djnwe hui uun unu njnui ju unu nuini nui uini im ini ii ninuinin inimi mimi minini imi mimi ininmim imim imim imi mimimi mimunun njkn jknjk njknjk njknjk njnkn kjn jnjkn kjn kn jknk n jnkj nk njmkjm kjm jk jknknkj nkj njk nkj njk m", "image"=>"placeholder02", "location"=>"Middle East"}}
MONGODB | localhost:27017 req:107 conn:1:1 sconn:76 | api_development.find | STARTED | {"find"=>"survivors", "filter"=>{}, "$db"=>"api_development", "lsid"=>{"id"=><BSON::Binary:0x12960 type=uuid data=0xacb98689b62d4776...>}}
MONGODB | localhost:27017 req:107 | api_development.find | SUCCEEDED | 0.002s
[active_model_serializers] Rendered ActiveModel::Serializer::CollectionSerializer with ActiveModelSerializers::Adapter::Attributes (1.66ms)
Completed 200 OK in 10ms (Views: 7.4ms | MongoDB: 2.0ms | Allocations: 1328)


Started DELETE "/survivors/643c6fc7d5ee6c7852483636" for 127.0.0.1 at 2023-04-17 01:12:01 +0300
Processing by SurvivorsController#destroy as */*
  Parameters: {"name"=>"Eid mubarak", "description"=>"djnwe hui uun unu njnui ju unu nuini nui uini im ini ii ninuinin inimi mimi minini imi mimi ininmim imim imim imi mimimi mimunun njkn jknjk njknjk njknjk njnkn kjn jnjkn kjn kn jknk n jnkj nk njmkjm kjm jk jknknkj nkj njk nkj njk m", "image"=>"placeholder02", "location"=>"Middle East", "id"=>"643c6fc7d5ee6c7852483636", "survivor"=>{"name"=>"Eid mubarak", "description"=>"djnwe hui uun unu njnui ju unu nuini nui uini im ini ii ninuinin inimi mimi minini imi mimi ininmim imim imim imi mimimi mimunun njkn jknjk njknjk njknjk njnkn kjn jnjkn kjn kn jknk n jnkj nk njmkjm kjm jk jknknkj nkj njk nkj njk m", "image"=>"placeholder02", "location"=>"Middle East"}}
MONGODB | localhost:27017 req:154 conn:1:1 sconn:76 | api_development.find | STARTED | {"find"=>"survivors", "filter"=>{"_id"=>BSON::ObjectId('643c6fc7d5ee6c7852483636')}, "$db"=>"api_development", "lsid"=>{"id"=><BSON::Binary:0x12960 type=uuid data=0xacb98689b62d4776...>}}
MONGODB | localhost:27017 req:154 | api_development.find | SUCCEEDED | 0.001s
MONGODB | localhost:27017 req:155 conn:1:1 sconn:76 | api_development.delete | STARTED | {"delete"=>"survivors", "ordered"=>true, "deletes"=>[{"q"=>{"_id"=>BSON::ObjectId('643c6fc7d5ee6c7852483636')}, "limit"=>1}], "$db"=>"api_development", "lsid"=>{"id"=><BSON::Binary:0x12960 type=uuid data=0xacb98689b62d4776...>}}
MONGODB | localhost:27017 req:155 | api_development.delete | SUCCEEDED | 0.001s
Completed 204 No Content in 6ms (MongoDB: 1.4ms | Allocations: 1299)


Started DELETE "/survivors/643c6fc7d5ee6c7852483636" for 127.0.0.1 at 2023-04-17 01:12:36 +0300
Processing by SurvivorsController#destroy as */*
  Parameters: {"name"=>"Eid mubarak", "description"=>"djnwe hui uun unu njnui ju unu nuini nui uini im ini ii ninuinin inimi mimi minini imi mimi ininmim imim imim imi mimimi mimunun njkn jknjk njknjk njknjk njnkn kjn jnjkn kjn kn jknk n jnkj nk njmkjm kjm jk jknknkj nkj njk nkj njk m", "image"=>"placeholder02", "location"=>"Middle East", "id"=>"643c6fc7d5ee6c7852483636", "survivor"=>{"name"=>"Eid mubarak", "description"=>"djnwe hui uun unu njnui ju unu nuini nui uini im ini ii ninuinin inimi mimi minini imi mimi ininmim imim imim imi mimimi mimunun njkn jknjk njknjk njknjk njnkn kjn jnjkn kjn kn jknk n jnkj nk njmkjm kjm jk jknknkj nkj njk nkj njk m", "image"=>"placeholder02", "location"=>"Middle East"}}
MONGODB | localhost:27017 req:160 conn:1:1 sconn:76 | api_development.find | STARTED | {"find"=>"survivors", "filter"=>{"_id"=>BSON::ObjectId('643c6fc7d5ee6c7852483636')}, "$db"=>"api_development", "lsid"=>{"id"=><BSON::Binary:0x12960 type=uuid data=0xacb98689b62d4776...>}}
MONGODB | localhost:27017 req:160 | api_development.find | SUCCEEDED | 0.001s
Completed 404 Not Found in 13ms (MongoDB: 0.8ms | Allocations: 3143)


  
Mongoid::Errors::DocumentNotFound (
message:
  Document(s) not found for class Survivor with id(s) 643c6fc7d5ee6c7852483636.
summary:
  When calling Survivor.find with an id or array of ids, each parameter must match a document in the database or this error will be raised. The search was for the id(s): 643c6fc7d5ee6c7852483636 ... (1 total) and the following ids were not found: 643c6fc7d5ee6c7852483636.
resolution:
  Search for an id that is in the database or set the Mongoid.raise_not_found_error configuration option to false, which will cause nil to be returned instead of raising this error when searching for a single id, or only the matched documents when searching for multiples.):
  
app/controllers/survivors_controller.rb:62:in `set_survivor'
Started POST "/signup" for 127.0.0.1 at 2023-04-17 15:22:41 +0300
Processing by UsersController#create as */*
  Parameters: {"name"=>"Abdiaziz", "email"=>"abdiaziz01@gmail.com", "role"=>"CEO", "password"=>"[FILTERED]", "user"=>{"name"=>"Abdiaziz", "email"=>"abdiaziz01@gmail.com", "role"=>"CEO"}}
[31mUnpermitted parameter: :user. Context: { controller: UsersController, action: create, request: #<ActionDispatch::Request:0x00007f10b1565950>, params: {"name"=>"Abdiaziz", "email"=>"abdiaziz01@gmail.com", "role"=>"CEO", "password"=>"[FILTERED]", "controller"=>"users", "action"=>"create", "user"=>{"name"=>"Abdiaziz", "email"=>"abdiaziz01@gmail.com", "role"=>"CEO"}} }[0m
MONGODB | Topology type 'unknown' initializing.
MONGODB | There was a change in the members of the 'Unknown' topology.
MONGODB | Server localhost:27017 initializing.
MONGODB | Waiting for up to 30.00 seconds for servers to be scanned: #<Cluster topology=Unknown[localhost:27017] servers=[#<Server address=localhost:27017 UNKNOWN>]>
MONGODB | Server description for localhost:27017 changed from 'unknown' to 'standalone'.
MONGODB | Topology type 'Unknown' changed to type 'Single'.
MONGODB | localhost:27017 req:6 conn:1:1 sconn:11 | api_development.find | STARTED | {"find"=>"users", "filter"=>{"email"=>"abdiaziz01@gmail.com"}, "limit"=>1, "projection"=>{"_id"=>1}, "$db"=>"api_development", "lsid"=>{"id"=><BSON::Binary:0x10320 type=uuid data=0x8eebb969372648a6...>}}
MONGODB | localhost:27017 req:6 | api_development.find | SUCCEEDED | 0.001s
MONGODB | localhost:27017 req:7 conn:1:1 sconn:11 | api_development.insert | STARTED | {"insert"=>"users", "ordered"=>true, "documents"=>[{"_id"=>BSON::ObjectId('643d3a12d5ee6c416317f4b3'), "name"=>"Abdiaziz", "email"=>"abdiaziz01@gmail.com", "role"=>"CEO", "password_digest"=>"$2a$12$Gu9woLzJesshtZ5T5rJgSOhglavpKJp97I1.XlnhzF6FcRTQg9ofu...
MONGODB | localhost:27017 req:7 | api_development.insert | SUCCEEDED | 0.006s
[active_model_serializers] MONGODB | localhost:27017 req:8 conn:1:1 sconn:11 | api_development.find | STARTED | {"find"=>"blogs", "filter"=>{"user_id"=>BSON::ObjectId('643d3a12d5ee6c416317f4b3')}, "$db"=>"api_development", "lsid"=>{"id"=><BSON::Binary:0x10320 type=uuid data=0x8eebb969372648a6...>}}
[active_model_serializers] MONGODB | localhost:27017 req:8 | api_development.find | SUCCEEDED | 0.001s
[active_model_serializers] Rendered ActiveModel::Serializer::Null with Hash (8.24ms)
Completed 201 Created in 458ms (Views: 9.7ms | MongoDB: 7.3ms | Allocations: 68072)


MONGODB | Server description for localhost:27017 changed from 'standalone' to 'standalone'.
MONGODB | There was a change in the members of the 'Single' topology.
Started PATCH "/users/643d3a12d5ee6c416317f4b3" for 127.0.0.1 at 2023-04-17 15:30:06 +0300
Processing by UsersController#update as */*
  Parameters: {"role"=>"CTO", "id"=>"643d3a12d5ee6c416317f4b3", "user"=>{"role"=>"CTO"}}
MONGODB | localhost:27017 req:53 conn:1:1 sconn:11 | api_development.find | STARTED | {"find"=>"users", "filter"=>{"_id"=>BSON::ObjectId('643d3a12d5ee6c416317f4b3')}, "$db"=>"api_development", "lsid"=>{"id"=><BSON::Binary:0x10320 type=uuid data=0x8eebb969372648a6...>}}
MONGODB | localhost:27017 req:53 | api_development.find | SUCCEEDED | 0.001s
[31mUnpermitted parameters: :id, :user. Context: { controller: UsersController, action: update, request: #<ActionDispatch::Request:0x00007f10b195e840>, params: {"role"=>"CTO", "controller"=>"users", "action"=>"update", "id"=>"643d3a12d5ee6c416317f4b3", "user"=>{"role"=>"CTO"}} }[0m
MONGODB | localhost:27017 req:54 conn:1:1 sconn:11 | api_development.update | STARTED | {"update"=>"users", "ordered"=>true, "updates"=>[{"q"=>{"_id"=>BSON::ObjectId('643d3a12d5ee6c416317f4b3')}, "u"=>{"$set"=>{"role"=>"CTO", "updated_at"=>2023-04-17 12:30:06.84322384 UTC}}}], "$db"=>"api_development", "lsid"=>{"id"=><BSON::Binary:0x1032...
MONGODB | localhost:27017 req:54 | api_development.update | SUCCEEDED | 0.001s
[active_model_serializers] Rendered ActiveModel::Serializer::Null with Class (0.56ms)
Completed 200 OK in 31ms (Views: 18.1ms | MongoDB: 1.7ms | Allocations: 3438)


Started POST "/login" for 127.0.0.1 at 2023-04-17 15:31:34 +0300
Processing by AuthController#create as */*
  Parameters: {"email"=>"abdiaziz01@gmail.com", "password"=>"[FILTERED]", "auth"=>{"email"=>"abdiaziz01@gmail.com", "password"=>"[FILTERED]"}}
[31mUnpermitted parameter: :auth. Context: { controller: AuthController, action: create, request: #<ActionDispatch::Request:0x00007f10b18de280>, params: {"email"=>"abdiaziz01@gmail.com", "password"=>"[FILTERED]", "controller"=>"auth", "action"=>"create", "auth"=>{"email"=>"abdiaziz01@gmail.com", "password"=>"[FILTERED]"}} }[0m
MONGODB | localhost:27017 req:64 conn:1:1 sconn:11 | api_development.find | STARTED | {"find"=>"users", "filter"=>{"email"=>"abdiaziz01@gmail.com"}, "$db"=>"api_development", "lsid"=>{"id"=><BSON::Binary:0x10320 type=uuid data=0x8eebb969372648a6...>}}
MONGODB | localhost:27017 req:64 | api_development.find | SUCCEEDED | 0.001s
[31mUnpermitted parameter: :auth. Context: { controller: AuthController, action: create, request: #<ActionDispatch::Request:0x00007f10b18de280>, params: {"email"=>"abdiaziz01@gmail.com", "password"=>"[FILTERED]", "controller"=>"auth", "action"=>"create", "auth"=>{"email"=>"abdiaziz01@gmail.com", "password"=>"[FILTERED]"}} }[0m
[active_model_serializers] MONGODB | localhost:27017 req:65 conn:1:1 sconn:11 | api_development.find | STARTED | {"find"=>"blogs", "filter"=>{"user_id"=>BSON::ObjectId('643d3a12d5ee6c416317f4b3')}, "$db"=>"api_development", "lsid"=>{"id"=><BSON::Binary:0x10320 type=uuid data=0x8eebb969372648a6...>}}
[active_model_serializers] MONGODB | localhost:27017 req:65 | api_development.find | SUCCEEDED | 0.000s
[active_model_serializers] Rendered ActiveModel::Serializer::Null with Hash (3.3ms)
Completed 202 Accepted in 286ms (Views: 3.4ms | MongoDB: 1.2ms | Allocations: 1887)


Started POST "/signup" for 127.0.0.1 at 2023-04-17 15:36:04 +0300
Processing by UsersController#create as */*
  Parameters: {"name"=>"Macow", "email"=>"macow@gmail.com", "role"=>"staff", "password"=>"[FILTERED]", "user"=>{"name"=>"Macow", "email"=>"macow@gmail.com", "role"=>"staff"}}
[31mUnpermitted parameter: :user. Context: { controller: UsersController, action: create, request: #<ActionDispatch::Request:0x00007f10b176d8d8>, params: {"name"=>"Macow", "email"=>"macow@gmail.com", "role"=>"staff", "password"=>"[FILTERED]", "controller"=>"users", "action"=>"create", "user"=>{"name"=>"Macow", "email"=>"macow@gmail.com", "role"=>"staff"}} }[0m
MONGODB | localhost:27017 req:93 conn:1:1 sconn:11 | api_development.find | STARTED | {"find"=>"users", "filter"=>{"email"=>"macow@gmail.com"}, "limit"=>1, "projection"=>{"_id"=>1}, "$db"=>"api_development", "lsid"=>{"id"=><BSON::Binary:0x10320 type=uuid data=0x8eebb969372648a6...>}}
MONGODB | localhost:27017 req:93 | api_development.find | SUCCEEDED | 0.001s
MONGODB | localhost:27017 req:94 conn:1:1 sconn:11 | api_development.insert | STARTED | {"insert"=>"users", "ordered"=>true, "documents"=>[{"_id"=>BSON::ObjectId('643d3d35d5ee6c416317f4b4'), "name"=>"Macow", "email"=>"macow@gmail.com", "role"=>"staff", "password_digest"=>"$2a$12$QpuMQMHeqSV0Q9cl6tLB4exm3jaBHoGTsnTKTO8ly6DhYcWHhE6Ku", "up...
MONGODB | localhost:27017 req:94 | api_development.insert | SUCCEEDED | 0.001s
[active_model_serializers] MONGODB | localhost:27017 req:95 conn:1:1 sconn:11 | api_development.find | STARTED | {"find"=>"blogs", "filter"=>{"user_id"=>BSON::ObjectId('643d3d35d5ee6c416317f4b4')}, "$db"=>"api_development", "lsid"=>{"id"=><BSON::Binary:0x10320 type=uuid data=0x8eebb969372648a6...>}}
[active_model_serializers] MONGODB | localhost:27017 req:95 | api_development.find | SUCCEEDED | 0.001s
[active_model_serializers] Rendered ActiveModel::Serializer::Null with Hash (3.66ms)
Completed 201 Created in 326ms (Views: 4.3ms | MongoDB: 1.8ms | Allocations: 37062)


Started PATCH "/users/643d3d35d5ee6c416317f4b4" for 127.0.0.1 at 2023-04-17 15:56:48 +0300
Processing by UsersController#update as */*
  Parameters: {"role"=>"admin", "id"=>"643d3d35d5ee6c416317f4b4", "user"=>{"role"=>"admin"}}
MONGODB | localhost:27017 req:220 conn:1:1 sconn:11 | api_development.find | STARTED | {"find"=>"users", "filter"=>{"_id"=>BSON::ObjectId('643d3d35d5ee6c416317f4b4')}, "$db"=>"api_development", "lsid"=>{"id"=><BSON::Binary:0x10320 type=uuid data=0x8eebb969372648a6...>}}
MONGODB | localhost:27017 req:220 | api_development.find | SUCCEEDED | 0.001s
[31mUnpermitted parameters: :id, :user. Context: { controller: UsersController, action: update, request: #<ActionDispatch::Request:0x00007f1080184650>, params: {"role"=>"admin", "controller"=>"users", "action"=>"update", "id"=>"643d3d35d5ee6c416317f4b4", "user"=>{"role"=>"admin"}} }[0m
MONGODB | localhost:27017 req:221 conn:1:1 sconn:11 | api_development.update | STARTED | {"update"=>"users", "ordered"=>true, "updates"=>[{"q"=>{"_id"=>BSON::ObjectId('643d3d35d5ee6c416317f4b4')}, "u"=>{"$set"=>{"role"=>"admin", "updated_at"=>2023-04-17 12:56:48.337044126 UTC}}}], "$db"=>"api_development", "lsid"=>{"id"=><BSON::Binary:0x1...
MONGODB | localhost:27017 req:221 | api_development.update | SUCCEEDED | 0.001s
[active_model_serializers] MONGODB | localhost:27017 req:222 conn:1:1 sconn:11 | api_development.find | STARTED | {"find"=>"blogs", "filter"=>{"user_id"=>BSON::ObjectId('643d3d35d5ee6c416317f4b4')}, "$db"=>"api_development", "lsid"=>{"id"=><BSON::Binary:0x10320 type=uuid data=0x8eebb969372648a6...>}}
[active_model_serializers] MONGODB | localhost:27017 req:222 | api_development.find | SUCCEEDED | 0.001s
[active_model_serializers] Rendered UserSerializer with ActiveModelSerializers::Adapter::Attributes (3.9ms)
Completed 200 OK in 14ms (Views: 4.6ms | MongoDB: 2.0ms | Allocations: 2809)


Started DELETE "/users/643d3d35d5ee6c416317f4b4" for 127.0.0.1 at 2023-04-17 15:57:14 +0300
  
AbstractController::ActionNotFound (The action 'delete' could not be found for UsersController):
  
actionpack (7.0.4.3) lib/abstract_controller/base.rb:146:in `process'
actionpack (7.0.4.3) lib/action_controller/metal.rb:188:in `dispatch'
actionpack (7.0.4.3) lib/action_controller/metal.rb:251:in `dispatch'
actionpack (7.0.4.3) lib/action_dispatch/routing/route_set.rb:49:in `dispatch'
actionpack (7.0.4.3) lib/action_dispatch/routing/route_set.rb:32:in `serve'
actionpack (7.0.4.3) lib/action_dispatch/journey/router.rb:50:in `block in serve'
actionpack (7.0.4.3) lib/action_dispatch/journey/router.rb:32:in `each'
actionpack (7.0.4.3) lib/action_dispatch/journey/router.rb:32:in `serve'
actionpack (7.0.4.3) lib/action_dispatch/routing/route_set.rb:852:in `call'
rack (2.2.6.4) lib/rack/etag.rb:27:in `call'
rack (2.2.6.4) lib/rack/conditional_get.rb:40:in `call'
rack (2.2.6.4) lib/rack/head.rb:12:in `call'
actionpack (7.0.4.3) lib/action_dispatch/middleware/callbacks.rb:27:in `block in call'
activesupport (7.0.4.3) lib/active_support/callbacks.rb:99:in `run_callbacks'
actionpack (7.0.4.3) lib/action_dispatch/middleware/callbacks.rb:26:in `call'
actionpack (7.0.4.3) lib/action_dispatch/middleware/executor.rb:14:in `call'
actionpack (7.0.4.3) lib/action_dispatch/middleware/actionable_exceptions.rb:17:in `call'
actionpack (7.0.4.3) lib/action_dispatch/middleware/debug_exceptions.rb:28:in `call'
actionpack (7.0.4.3) lib/action_dispatch/middleware/show_exceptions.rb:26:in `call'
railties (7.0.4.3) lib/rails/rack/logger.rb:40:in `call_app'
railties (7.0.4.3) lib/rails/rack/logger.rb:25:in `block in call'
activesupport (7.0.4.3) lib/active_support/tagged_logging.rb:99:in `block in tagged'
activesupport (7.0.4.3) lib/active_support/tagged_logging.rb:37:in `tagged'
activesupport (7.0.4.3) lib/active_support/tagged_logging.rb:99:in `tagged'
railties (7.0.4.3) lib/rails/rack/logger.rb:25:in `call'
actionpack (7.0.4.3) lib/action_dispatch/middleware/remote_ip.rb:93:in `call'
actionpack (7.0.4.3) lib/action_dispatch/middleware/request_id.rb:26:in `call'
rack (2.2.6.4) lib/rack/runtime.rb:22:in `call'
activesupport (7.0.4.3) lib/active_support/cache/strategy/local_cache_middleware.rb:29:in `call'
actionpack (7.0.4.3) lib/action_dispatch/middleware/server_timing.rb:61:in `block in call'
actionpack (7.0.4.3) lib/action_dispatch/middleware/server_timing.rb:26:in `collect_events'
actionpack (7.0.4.3) lib/action_dispatch/middleware/server_timing.rb:60:in `call'
actionpack (7.0.4.3) lib/action_dispatch/middleware/executor.rb:14:in `call'
actionpack (7.0.4.3) lib/action_dispatch/middleware/static.rb:23:in `call'
rack (2.2.6.4) lib/rack/sendfile.rb:110:in `call'
actionpack (7.0.4.3) lib/action_dispatch/middleware/host_authorization.rb:137:in `call'
rack-cors (2.0.1) lib/rack/cors.rb:102:in `call'
railties (7.0.4.3) lib/rails/engine.rb:530:in `call'
puma (5.6.5) lib/puma/configuration.rb:252:in `call'
puma (5.6.5) lib/puma/request.rb:77:in `block in handle_request'
puma (5.6.5) lib/puma/thread_pool.rb:340:in `with_force_shutdown'
puma (5.6.5) lib/puma/request.rb:76:in `handle_request'
puma (5.6.5) lib/puma/server.rb:443:in `process_client'
puma (5.6.5) lib/puma/thread_pool.rb:147:in `block in spawn_thread'
Started DELETE "/users/643d3d35d5ee6c416317f4b4" for 127.0.0.1 at 2023-04-17 15:57:50 +0300
Processing by UsersController#destroy as */*
  Parameters: {"role"=>"admin", "id"=>"643d3d35d5ee6c416317f4b4", "user"=>{"role"=>"admin"}}
MONGODB | localhost:27017 req:229 conn:1:1 sconn:11 | api_development.find | STARTED | {"find"=>"users", "filter"=>{"_id"=>BSON::ObjectId('643d3d35d5ee6c416317f4b4')}, "$db"=>"api_development", "lsid"=>{"id"=><BSON::Binary:0x10320 type=uuid data=0x8eebb969372648a6...>}}
MONGODB | localhost:27017 req:229 | api_development.find | SUCCEEDED | 0.001s
MONGODB | localhost:27017 req:230 conn:1:1 sconn:11 | api_development.delete | STARTED | {"delete"=>"users", "ordered"=>true, "deletes"=>[{"q"=>{"_id"=>BSON::ObjectId('643d3d35d5ee6c416317f4b4')}, "limit"=>1}], "$db"=>"api_development", "lsid"=>{"id"=><BSON::Binary:0x10320 type=uuid data=0x8eebb969372648a6...>}}
MONGODB | localhost:27017 req:230 | api_development.delete | SUCCEEDED | 0.001s
Completed 204 No Content in 6ms (MongoDB: 1.3ms | Allocations: 1367)


Started GET "/users" for 127.0.0.1 at 2023-04-17 15:58:12 +0300
Processing by UsersController#index as */*
MONGODB | localhost:27017 req:233 conn:1:1 sconn:11 | api_development.find | STARTED | {"find"=>"users", "filter"=>{}, "$db"=>"api_development", "lsid"=>{"id"=><BSON::Binary:0x10320 type=uuid data=0x8eebb969372648a6...>}}
MONGODB | localhost:27017 req:233 | api_development.find | SUCCEEDED | 0.001s
[active_model_serializers] MONGODB | localhost:27017 req:234 conn:1:1 sconn:11 | api_development.find | STARTED | {"find"=>"blogs", "filter"=>{"user_id"=>BSON::ObjectId('643aec93d5ee6cd3f8e0358d')}, "$db"=>"api_development", "lsid"=>{"id"=><BSON::Binary:0x10320 type=uuid data=0x8eebb969372648a6...>}}
[active_model_serializers] MONGODB | localhost:27017 req:234 | api_development.find | SUCCEEDED | 0.001s
[active_model_serializers] MONGODB | localhost:27017 req:235 conn:1:1 sconn:11 | api_development.find | STARTED | {"find"=>"blogs", "filter"=>{"user_id"=>BSON::ObjectId('643aeef8d5ee6cd638822b3d')}, "$db"=>"api_development", "lsid"=>{"id"=><BSON::Binary:0x10320 type=uuid data=0x8eebb969372648a6...>}}
[active_model_serializers] MONGODB | localhost:27017 req:235 | api_development.find | SUCCEEDED | 0.001s
[active_model_serializers] MONGODB | localhost:27017 req:236 conn:1:1 sconn:11 | api_development.find | STARTED | {"find"=>"blogs", "filter"=>{"user_id"=>BSON::ObjectId('643d3a12d5ee6c416317f4b3')}, "$db"=>"api_development", "lsid"=>{"id"=><BSON::Binary:0x10320 type=uuid data=0x8eebb969372648a6...>}}
[active_model_serializers] MONGODB | localhost:27017 req:236 | api_development.find | SUCCEEDED | 0.001s
[active_model_serializers] Rendered ActiveModel::Serializer::CollectionSerializer with ActiveModelSerializers::Adapter::Attributes (46.2ms)
Completed 200 OK in 51ms (Views: 47.9ms | MongoDB: 3.0ms | Allocations: 37153)


Started POST "/signup" for 127.0.0.1 at 2023-04-17 15:59:10 +0300
Processing by UsersController#create as */*
  Parameters: {"name"=>"Macow", "email"=>"macow@gmail.com", "role"=>"admin", "password"=>"[FILTERED]", "user"=>{"name"=>"Macow", "email"=>"macow@gmail.com", "role"=>"admin"}}
[31mUnpermitted parameter: :user. Context: { controller: UsersController, action: create, request: #<ActionDispatch::Request:0x00007f10a03a56d0>, params: {"name"=>"Macow", "email"=>"macow@gmail.com", "role"=>"admin", "password"=>"[FILTERED]", "controller"=>"users", "action"=>"create", "user"=>{"name"=>"Macow", "email"=>"macow@gmail.com", "role"=>"admin"}} }[0m
MONGODB | localhost:27017 req:243 conn:1:1 sconn:11 | api_development.find | STARTED | {"find"=>"users", "filter"=>{"email"=>"macow@gmail.com"}, "limit"=>1, "projection"=>{"_id"=>1}, "$db"=>"api_development", "lsid"=>{"id"=><BSON::Binary:0x10320 type=uuid data=0x8eebb969372648a6...>}}
MONGODB | localhost:27017 req:243 | api_development.find | SUCCEEDED | 0.001s
MONGODB | localhost:27017 req:244 conn:1:1 sconn:11 | api_development.insert | STARTED | {"insert"=>"users", "ordered"=>true, "documents"=>[{"_id"=>BSON::ObjectId('643d429ed5ee6c416317f4b5'), "name"=>"Macow", "email"=>"macow@gmail.com", "role"=>"admin", "password_digest"=>"$2a$12$0G2peXEF5bHKUFjSLtGi0eZeUN5aB/e.YFE5gn72Gl5kGOpZ/wE2O", "up...
MONGODB | localhost:27017 req:244 | api_development.insert | SUCCEEDED | 0.001s
[active_model_serializers] MONGODB | localhost:27017 req:245 conn:1:1 sconn:11 | api_development.find | STARTED | {"find"=>"blogs", "filter"=>{"user_id"=>BSON::ObjectId('643d429ed5ee6c416317f4b5')}, "$db"=>"api_development", "lsid"=>{"id"=><BSON::Binary:0x10320 type=uuid data=0x8eebb969372648a6...>}}
[active_model_serializers] MONGODB | localhost:27017 req:245 | api_development.find | SUCCEEDED | 0.001s
[active_model_serializers] Rendered ActiveModel::Serializer::Null with Hash (4.82ms)
Completed 201 Created in 290ms (Views: 5.5ms | MongoDB: 2.2ms | Allocations: 3262)


Started PATCH "/users" for 127.0.0.1 at 2023-04-17 16:00:45 +0300
  
ActionController::RoutingError (No route matches [PATCH] "/users"):
  
Started GET "/users" for 127.0.0.1 at 2023-04-17 16:00:56 +0300
Processing by UsersController#index as */*
  Parameters: {"role"=>"admin", "user"=>{"role"=>"admin"}}
MONGODB | localhost:27017 req:257 conn:1:1 sconn:11 | api_development.find | STARTED | {"find"=>"users", "filter"=>{}, "$db"=>"api_development", "lsid"=>{"id"=><BSON::Binary:0x10320 type=uuid data=0x8eebb969372648a6...>}}
MONGODB | localhost:27017 req:257 | api_development.find | SUCCEEDED | 0.001s
[active_model_serializers] MONGODB | localhost:27017 req:258 conn:1:1 sconn:11 | api_development.find | STARTED | {"find"=>"blogs", "filter"=>{"user_id"=>BSON::ObjectId('643aec93d5ee6cd3f8e0358d')}, "$db"=>"api_development", "lsid"=>{"id"=><BSON::Binary:0x10320 type=uuid data=0x8eebb969372648a6...>}}
[active_model_serializers] MONGODB | localhost:27017 req:258 | api_development.find | SUCCEEDED | 0.001s
[active_model_serializers] MONGODB | localhost:27017 req:259 conn:1:1 sconn:11 | api_development.find | STARTED | {"find"=>"blogs", "filter"=>{"user_id"=>BSON::ObjectId('643aeef8d5ee6cd638822b3d')}, "$db"=>"api_development", "lsid"=>{"id"=><BSON::Binary:0x10320 type=uuid data=0x8eebb969372648a6...>}}
[active_model_serializers] MONGODB | localhost:27017 req:259 | api_development.find | SUCCEEDED | 0.001s
[active_model_serializers] MONGODB | localhost:27017 req:260 conn:1:1 sconn:11 | api_development.find | STARTED | {"find"=>"blogs", "filter"=>{"user_id"=>BSON::ObjectId('643d3a12d5ee6c416317f4b3')}, "$db"=>"api_development", "lsid"=>{"id"=><BSON::Binary:0x10320 type=uuid data=0x8eebb969372648a6...>}}
[active_model_serializers] MONGODB | localhost:27017 req:260 | api_development.find | SUCCEEDED | 0.001s
[active_model_serializers] MONGODB | localhost:27017 req:261 conn:1:1 sconn:11 | api_development.find | STARTED | {"find"=>"blogs", "filter"=>{"user_id"=>BSON::ObjectId('643d429ed5ee6c416317f4b5')}, "$db"=>"api_development", "lsid"=>{"id"=><BSON::Binary:0x10320 type=uuid data=0x8eebb969372648a6...>}}
[active_model_serializers] MONGODB | localhost:27017 req:261 | api_development.find | SUCCEEDED | 0.001s
[active_model_serializers] Rendered ActiveModel::Serializer::CollectionSerializer with ActiveModelSerializers::Adapter::Attributes (21.54ms)
Completed 200 OK in 25ms (Views: 20.4ms | MongoDB: 4.6ms | Allocations: 4161)


MONGODB | Error running awaited hello on localhost:27017: Mongo::Error::OperationFailure: [11600:InterruptedAtShutdown]: interrupted at shutdown
